<?xml version="1.0" encoding="UTF-8"?>
<robot generator="Robot 3.1.2 (Python 3.8.0 on win32)" generated="20200620 19:45:49.664" rpa="false">
<suite id="s1" name="Demo App" source="D:\Eclipse_Workspace\Robot_Assignment\Test\Demo_App.robot">
<kw name="Prepare suite setup" library="Setup_Teardown" type="setup">
<kw name="Open Browser" library="SeleniumLibrary">
<doc>Opens a new browser instance to the optional ``url``.</doc>
<arguments>
<arg>${url}</arg>
<arg>${Browser}</arg>
</arguments>
<msg timestamp="20200620 19:45:49.877" level="INFO">Opening browser 'chrome' to base url 'http://127.0.0.1:8090'.</msg>
<status status="PASS" starttime="20200620 19:45:49.877" endtime="20200620 19:45:53.516"></status>
</kw>
<kw name="Maximize Browser Window" library="SeleniumLibrary">
<doc>Maximizes current browser window.</doc>
<status status="PASS" starttime="20200620 19:45:53.517" endtime="20200620 19:45:55.692"></status>
</kw>
<kw name="Log" library="BuiltIn">
<doc>Logs the given message with the given level.</doc>
<arguments>
<arg>Site ${url} is opened</arg>
</arguments>
<msg timestamp="20200620 19:45:55.692" level="INFO">Site http://127.0.0.1:8090 is opened</msg>
<status status="PASS" starttime="20200620 19:45:55.692" endtime="20200620 19:45:55.692"></status>
</kw>
<status status="PASS" starttime="20200620 19:45:49.877" endtime="20200620 19:45:55.692"></status>
</kw>
<test id="s1-t1" name="Verify Register page">
<kw name="Run Keyword And Return Status" library="BuiltIn">
<doc>Runs the given keyword with given arguments and returns the status as a Boolean value.</doc>
<arguments>
<arg>KW Validate Page</arg>
</arguments>
<assign>
<var>${PASSED}</var>
</assign>
<kw name="KW Validate Page" library="Demo_App_Keywords">
<kw name="KW Wait And Get Text" library="Common_keywords">
<arguments>
<arg>${APP_TITLE}</arg>
</arguments>
<assign>
<var>${Actual_title}</var>
</assign>
<kw name="Wait Until Page Contains Element" library="SeleniumLibrary">
<doc>Waits until the element ``locator`` appears on the current page.</doc>
<arguments>
<arg>${elements}</arg>
<arg>10</arg>
</arguments>
<status status="PASS" starttime="20200620 19:45:55.696" endtime="20200620 19:45:55.729"></status>
</kw>
<kw name="Get Text" library="SeleniumLibrary">
<doc>Returns the text value of the element identified by ``locator``.</doc>
<arguments>
<arg>${elements}</arg>
</arguments>
<assign>
<var>${text}</var>
</assign>
<msg timestamp="20200620 19:45:55.786" level="INFO">${text} = Demo app</msg>
<status status="PASS" starttime="20200620 19:45:55.729" endtime="20200620 19:45:55.786"></status>
</kw>
<msg timestamp="20200620 19:45:55.786" level="INFO">${Actual_title} = Demo app</msg>
<status status="PASS" starttime="20200620 19:45:55.696" endtime="20200620 19:45:55.787"></status>
</kw>
<kw name="Should Be Equal As Strings" library="BuiltIn">
<doc>Fails if objects are unequal after converting them to strings.</doc>
<arguments>
<arg>${Page_title}</arg>
<arg>${Actual_title}</arg>
</arguments>
<status status="PASS" starttime="20200620 19:45:55.787" endtime="20200620 19:45:55.787"></status>
</kw>
<kw name="Page Should Contain Element" library="SeleniumLibrary">
<doc>Verifies that element ``locator`` is found on the current page.</doc>
<arguments>
<arg>${REGISTER_LINK}</arg>
</arguments>
<msg timestamp="20200620 19:45:55.814" level="INFO">Current page contains element 'xpath=//a[@href="/register"]'.</msg>
<status status="PASS" starttime="20200620 19:45:55.787" endtime="20200620 19:45:55.814"></status>
</kw>
<kw name="Page Should Contain Element" library="SeleniumLibrary">
<doc>Verifies that element ``locator`` is found on the current page.</doc>
<arguments>
<arg>${LOGIN_LINK}</arg>
</arguments>
<msg timestamp="20200620 19:45:55.843" level="INFO">Current page contains element 'xpath=//a[@href="/login"]'.</msg>
<status status="PASS" starttime="20200620 19:45:55.814" endtime="20200620 19:45:55.843"></status>
</kw>
<kw name="KW Capture Screenshot" library="Common_keywords">
<arguments>
<arg>Demo App</arg>
</arguments>
<kw name="Capture Page Screenshot" library="SeleniumLibrary">
<doc>Takes a screenshot of the current page and embeds it into a log file.</doc>
<arguments>
<arg>${SCREENSHOTS}${File_name}.png</arg>
</arguments>
<msg timestamp="20200620 19:45:56.192" level="INFO" html="yes">&lt;/td&gt;&lt;/tr&gt;&lt;tr&gt;&lt;td colspan="3"&gt;&lt;a href="Screenshots/Demo%20App.png"&gt;&lt;img src="Screenshots/Demo%20App.png" width="800px"&gt;&lt;/a&gt;</msg>
<status status="PASS" starttime="20200620 19:45:55.843" endtime="20200620 19:45:56.192"></status>
</kw>
<status status="PASS" starttime="20200620 19:45:55.843" endtime="20200620 19:45:56.192"></status>
</kw>
<status status="PASS" starttime="20200620 19:45:55.692" endtime="20200620 19:45:56.192"></status>
</kw>
<msg timestamp="20200620 19:45:56.192" level="INFO">${PASSED} = True</msg>
<status status="PASS" starttime="20200620 19:45:55.692" endtime="20200620 19:45:56.192"></status>
</kw>
<kw name="Run Keyword If" library="BuiltIn">
<doc>Runs the given keyword with the given arguments, if ``condition`` is true.</doc>
<arguments>
<arg>'${PASSED}'=='True'</arg>
<arg>Log</arg>
<arg>HomePage has been Validated successfully</arg>
</arguments>
<kw name="Log" library="BuiltIn">
<doc>Logs the given message with the given level.</doc>
<arguments>
<arg>HomePage has been Validated successfully</arg>
</arguments>
<msg timestamp="20200620 19:45:56.194" level="INFO">HomePage has been Validated successfully</msg>
<status status="PASS" starttime="20200620 19:45:56.193" endtime="20200620 19:45:56.194"></status>
</kw>
<status status="PASS" starttime="20200620 19:45:56.193" endtime="20200620 19:45:56.194"></status>
</kw>
<kw name="Prepare EndTest" library="Setup_Teardown" type="teardown">
<kw name="Run Keyword And Return Status" library="BuiltIn">
<doc>Runs the given keyword with given arguments and returns the status as a Boolean value.</doc>
<arguments>
<arg>Wait Until Page Contains Element</arg>
<arg>${LOGOUT_LINK}</arg>
</arguments>
<assign>
<var>${Passed}</var>
</assign>
<kw name="Wait Until Page Contains Element" library="SeleniumLibrary">
<doc>Waits until the element ``locator`` appears on the current page.</doc>
<arguments>
<arg>${LOGOUT_LINK}</arg>
</arguments>
<kw name="Capture Page Screenshot" library="SeleniumLibrary">
<doc>Takes a screenshot of the current page and embeds it into a log file.</doc>
<msg timestamp="20200620 19:46:01.528" level="INFO" html="yes">&lt;/td&gt;&lt;/tr&gt;&lt;tr&gt;&lt;td colspan="3"&gt;&lt;a href="selenium-screenshot-9.png"&gt;&lt;img src="selenium-screenshot-9.png" width="800px"&gt;&lt;/a&gt;</msg>
<status status="PASS" starttime="20200620 19:46:01.270" endtime="20200620 19:46:01.528"></status>
</kw>
<msg timestamp="20200620 19:46:01.528" level="FAIL">Element 'xpath=//a[@href="/logout"]' did not appear in 5 seconds.</msg>
<status status="FAIL" starttime="20200620 19:45:56.195" endtime="20200620 19:46:01.528"></status>
</kw>
<msg timestamp="20200620 19:46:01.528" level="INFO">${Passed} = False</msg>
<status status="PASS" starttime="20200620 19:45:56.195" endtime="20200620 19:46:01.528"></status>
</kw>
<kw name="Run Keyword If" library="BuiltIn">
<doc>Runs the given keyword with the given arguments, if ``condition`` is true.</doc>
<arguments>
<arg>'${Passed}'=='True'</arg>
<arg>KW Wait And Click Element</arg>
<arg>${LOGOUT_LINK}</arg>
</arguments>
<status status="PASS" starttime="20200620 19:46:01.528" endtime="20200620 19:46:01.528"></status>
</kw>
<status status="PASS" starttime="20200620 19:45:56.194" endtime="20200620 19:46:01.528"></status>
</kw>
<status status="PASS" starttime="20200620 19:45:55.692" endtime="20200620 19:46:01.528" critical="yes"></status>
</test>
<test id="s1-t2" name="Register In To Application">
<kw name="Run Keyword And Return Status" library="BuiltIn">
<doc>Runs the given keyword with given arguments and returns the status as a Boolean value.</doc>
<arguments>
<arg>KW Register Into Application</arg>
<arg>${username}</arg>
<arg>${password}</arg>
<arg>${Firstname}</arg>
<arg>${Lastname}</arg>
<arg>${phone_no}</arg>
</arguments>
<assign>
<var>${PASSED}</var>
</assign>
<kw name="KW Register Into Application" library="Demo_App_Keywords">
<arguments>
<arg>${username}</arg>
<arg>${password}</arg>
<arg>${Firstname}</arg>
<arg>${Lastname}</arg>
<arg>${phone_no}</arg>
</arguments>
<kw name="KW Wait And Click Element" library="Common_keywords">
<arguments>
<arg>${REGISTER_LINK}</arg>
</arguments>
<kw name="Wait Until Page Contains Element" library="SeleniumLibrary">
<doc>Waits until the element ``locator`` appears on the current page.</doc>
<arguments>
<arg>${element}</arg>
<arg>10</arg>
</arguments>
<status status="PASS" starttime="20200620 19:46:01.532" endtime="20200620 19:46:01.542"></status>
</kw>
<kw name="Click Element" library="SeleniumLibrary">
<doc>Click the element identified by ``locator``.</doc>
<arguments>
<arg>${element}</arg>
</arguments>
<msg timestamp="20200620 19:46:01.542" level="INFO">Clicking element 'xpath=//a[@href="/register"]'.</msg>
<status status="PASS" starttime="20200620 19:46:01.542" endtime="20200620 19:46:01.644"></status>
</kw>
<status status="PASS" starttime="20200620 19:46:01.532" endtime="20200620 19:46:01.644"></status>
</kw>
<kw name="Wait Until Page Contains Element" library="SeleniumLibrary">
<doc>Waits until the element ``locator`` appears on the current page.</doc>
<arguments>
<arg>${REGISTER_TITLE}</arg>
</arguments>
<status status="PASS" starttime="20200620 19:46:01.645" endtime="20200620 19:46:01.665"></status>
</kw>
<kw name="Input Text" library="SeleniumLibrary">
<doc>Types the given ``text`` into the text field identified by ``locator``.</doc>
<arguments>
<arg>${USERNAME_INPUT}</arg>
<arg>${usrname}</arg>
</arguments>
<msg timestamp="20200620 19:46:01.665" level="INFO">Typing text 'Test_NewAccount' into text field 'id=username'.</msg>
<status status="PASS" starttime="20200620 19:46:01.665" endtime="20200620 19:46:01.809"></status>
</kw>
<kw name="Input Text" library="SeleniumLibrary">
<doc>Types the given ``text`` into the text field identified by ``locator``.</doc>
<arguments>
<arg>${PASSWORD_INPUT}</arg>
<arg>${password}</arg>
</arguments>
<msg timestamp="20200620 19:46:01.809" level="INFO">Typing text 'Test@12345' into text field 'id=password'.</msg>
<status status="PASS" starttime="20200620 19:46:01.809" endtime="20200620 19:46:01.926"></status>
</kw>
<kw name="Input Text" library="SeleniumLibrary">
<doc>Types the given ``text`` into the text field identified by ``locator``.</doc>
<arguments>
<arg>${FIRSTNAME_INPUT}</arg>
<arg>${Firstname}</arg>
</arguments>
<msg timestamp="20200620 19:46:01.926" level="INFO">Typing text 'Test' into text field 'id=firstname'.</msg>
<status status="PASS" starttime="20200620 19:46:01.926" endtime="20200620 19:46:02.024"></status>
</kw>
<kw name="Input Text" library="SeleniumLibrary">
<doc>Types the given ``text`` into the text field identified by ``locator``.</doc>
<arguments>
<arg>${LASTNAME_INPUT}</arg>
<arg>${Lastname}</arg>
</arguments>
<msg timestamp="20200620 19:46:02.024" level="INFO">Typing text 'user' into text field 'id=lastname'.</msg>
<status status="PASS" starttime="20200620 19:46:02.024" endtime="20200620 19:46:02.126"></status>
</kw>
<kw name="Input Text" library="SeleniumLibrary">
<doc>Types the given ``text`` into the text field identified by ``locator``.</doc>
<arguments>
<arg>${PHONE_NO_INPUT}</arg>
<arg>${phone_no}</arg>
</arguments>
<msg timestamp="20200620 19:46:02.126" level="INFO">Typing text '123454321' into text field 'id=phone'.</msg>
<status status="PASS" starttime="20200620 19:46:02.126" endtime="20200620 19:46:02.242"></status>
</kw>
<kw name="KW Wait And Click Element" library="Common_keywords">
<arguments>
<arg>${REGISTER_BUTTON}</arg>
</arguments>
<kw name="Wait Until Page Contains Element" library="SeleniumLibrary">
<doc>Waits until the element ``locator`` appears on the current page.</doc>
<arguments>
<arg>${element}</arg>
<arg>10</arg>
</arguments>
<status status="PASS" starttime="20200620 19:46:02.243" endtime="20200620 19:46:02.255"></status>
</kw>
<kw name="Click Element" library="SeleniumLibrary">
<doc>Click the element identified by ``locator``.</doc>
<arguments>
<arg>${element}</arg>
</arguments>
<msg timestamp="20200620 19:46:02.256" level="INFO">Clicking element 'xpath=//input[@value="Register"]'.</msg>
<status status="PASS" starttime="20200620 19:46:02.256" endtime="20200620 19:46:02.337"></status>
</kw>
<status status="PASS" starttime="20200620 19:46:02.242" endtime="20200620 19:46:02.337"></status>
</kw>
<kw name="Run Keyword And Return Status" library="BuiltIn">
<doc>Runs the given keyword with given arguments and returns the status as a Boolean value.</doc>
<arguments>
<arg>Wait Until Page Contains Element</arg>
<arg>${USER_EXIST_ERROR}</arg>
</arguments>
<assign>
<var>${PASSED}</var>
</assign>
<kw name="Wait Until Page Contains Element" library="SeleniumLibrary">
<doc>Waits until the element ``locator`` appears on the current page.</doc>
<arguments>
<arg>${USER_EXIST_ERROR}</arg>
</arguments>
<status status="PASS" starttime="20200620 19:46:02.338" endtime="20200620 19:46:02.353"></status>
</kw>
<msg timestamp="20200620 19:46:02.353" level="INFO">${PASSED} = True</msg>
<status status="PASS" starttime="20200620 19:46:02.337" endtime="20200620 19:46:02.353"></status>
</kw>
<kw name="Run Keyword If" library="BuiltIn">
<doc>Runs the given keyword with the given arguments, if ``condition`` is true.</doc>
<arguments>
<arg>'${PASSED}'=='True'</arg>
<arg>log</arg>
<arg>User with Username: ${username} is already registered</arg>
<arg>ELSE</arg>
<arg>Page Should Contain Element</arg>
<arg>${LOGIN_TITLE}</arg>
</arguments>
<kw name="Log" library="BuiltIn">
<doc>Logs the given message with the given level.</doc>
<arguments>
<arg>User with Username: ${username} is already registered</arg>
</arguments>
<msg timestamp="20200620 19:46:02.355" level="INFO">User with Username: Test_NewAccount is already registered</msg>
<status status="PASS" starttime="20200620 19:46:02.354" endtime="20200620 19:46:02.355"></status>
</kw>
<status status="PASS" starttime="20200620 19:46:02.353" endtime="20200620 19:46:02.355"></status>
</kw>
<kw name="KW Capture Screenshot" library="Common_keywords">
<arguments>
<arg>Registration Page</arg>
</arguments>
<kw name="Capture Page Screenshot" library="SeleniumLibrary">
<doc>Takes a screenshot of the current page and embeds it into a log file.</doc>
<arguments>
<arg>${SCREENSHOTS}${File_name}.png</arg>
</arguments>
<msg timestamp="20200620 19:46:02.636" level="INFO" html="yes">&lt;/td&gt;&lt;/tr&gt;&lt;tr&gt;&lt;td colspan="3"&gt;&lt;a href="Screenshots/Registration%20Page.png"&gt;&lt;img src="Screenshots/Registration%20Page.png" width="800px"&gt;&lt;/a&gt;</msg>
<status status="PASS" starttime="20200620 19:46:02.355" endtime="20200620 19:46:02.636"></status>
</kw>
<status status="PASS" starttime="20200620 19:46:02.355" endtime="20200620 19:46:02.636"></status>
</kw>
<status status="PASS" starttime="20200620 19:46:01.532" endtime="20200620 19:46:02.636"></status>
</kw>
<msg timestamp="20200620 19:46:02.636" level="INFO">${PASSED} = True</msg>
<status status="PASS" starttime="20200620 19:46:01.532" endtime="20200620 19:46:02.636"></status>
</kw>
<kw name="Run Keyword If" library="BuiltIn">
<doc>Runs the given keyword with the given arguments, if ``condition`` is true.</doc>
<arguments>
<arg>'${PASSED}'=='True'</arg>
<arg>Log</arg>
<arg>User with Username: ${username} is registered successfully</arg>
</arguments>
<kw name="Log" library="BuiltIn">
<doc>Logs the given message with the given level.</doc>
<arguments>
<arg>User with Username: ${username} is registered successfully</arg>
</arguments>
<msg timestamp="20200620 19:46:02.638" level="INFO">User with Username: Test_NewAccount is registered successfully</msg>
<status status="PASS" starttime="20200620 19:46:02.638" endtime="20200620 19:46:02.638"></status>
</kw>
<status status="PASS" starttime="20200620 19:46:02.637" endtime="20200620 19:46:02.638"></status>
</kw>
<kw name="Prepare EndTest" library="Setup_Teardown" type="teardown">
<kw name="Run Keyword And Return Status" library="BuiltIn">
<doc>Runs the given keyword with given arguments and returns the status as a Boolean value.</doc>
<arguments>
<arg>Wait Until Page Contains Element</arg>
<arg>${LOGOUT_LINK}</arg>
</arguments>
<assign>
<var>${Passed}</var>
</assign>
<kw name="Wait Until Page Contains Element" library="SeleniumLibrary">
<doc>Waits until the element ``locator`` appears on the current page.</doc>
<arguments>
<arg>${LOGOUT_LINK}</arg>
</arguments>
<kw name="Capture Page Screenshot" library="SeleniumLibrary">
<doc>Takes a screenshot of the current page and embeds it into a log file.</doc>
<msg timestamp="20200620 19:46:08.201" level="INFO" html="yes">&lt;/td&gt;&lt;/tr&gt;&lt;tr&gt;&lt;td colspan="3"&gt;&lt;a href="selenium-screenshot-10.png"&gt;&lt;img src="selenium-screenshot-10.png" width="800px"&gt;&lt;/a&gt;</msg>
<status status="PASS" starttime="20200620 19:46:07.870" endtime="20200620 19:46:08.201"></status>
</kw>
<msg timestamp="20200620 19:46:08.201" level="FAIL">Element 'xpath=//a[@href="/logout"]' did not appear in 5 seconds.</msg>
<status status="FAIL" starttime="20200620 19:46:02.640" endtime="20200620 19:46:08.201"></status>
</kw>
<msg timestamp="20200620 19:46:08.201" level="INFO">${Passed} = False</msg>
<status status="PASS" starttime="20200620 19:46:02.640" endtime="20200620 19:46:08.201"></status>
</kw>
<kw name="Run Keyword If" library="BuiltIn">
<doc>Runs the given keyword with the given arguments, if ``condition`` is true.</doc>
<arguments>
<arg>'${Passed}'=='True'</arg>
<arg>KW Wait And Click Element</arg>
<arg>${LOGOUT_LINK}</arg>
</arguments>
<status status="PASS" starttime="20200620 19:46:08.201" endtime="20200620 19:46:08.201"></status>
</kw>
<status status="PASS" starttime="20200620 19:46:02.639" endtime="20200620 19:46:08.201"></status>
</kw>
<status status="PASS" starttime="20200620 19:46:01.528" endtime="20200620 19:46:08.201" critical="yes"></status>
</test>
<test id="s1-t3" name="Login To Application">
<kw name="KW Login To Application" library="Demo_App_Keywords">
<arguments>
<arg>${username}</arg>
<arg>${password}</arg>
</arguments>
<kw name="KW Wait And Click Element" library="Common_keywords">
<arguments>
<arg>${LOGIN_LINK}</arg>
</arguments>
<kw name="Wait Until Page Contains Element" library="SeleniumLibrary">
<doc>Waits until the element ``locator`` appears on the current page.</doc>
<arguments>
<arg>${element}</arg>
<arg>10</arg>
</arguments>
<status status="PASS" starttime="20200620 19:46:08.201" endtime="20200620 19:46:08.226"></status>
</kw>
<kw name="Click Element" library="SeleniumLibrary">
<doc>Click the element identified by ``locator``.</doc>
<arguments>
<arg>${element}</arg>
</arguments>
<msg timestamp="20200620 19:46:08.226" level="INFO">Clicking element 'xpath=//a[@href="/login"]'.</msg>
<status status="PASS" starttime="20200620 19:46:08.226" endtime="20200620 19:46:08.336"></status>
</kw>
<status status="PASS" starttime="20200620 19:46:08.201" endtime="20200620 19:46:08.336"></status>
</kw>
<kw name="Wait Until Page Contains Element" library="SeleniumLibrary">
<doc>Waits until the element ``locator`` appears on the current page.</doc>
<arguments>
<arg>${LOGIN_TITLE}</arg>
<arg>10</arg>
</arguments>
<status status="PASS" starttime="20200620 19:46:08.336" endtime="20200620 19:46:08.351"></status>
</kw>
<kw name="Input Text" library="SeleniumLibrary">
<doc>Types the given ``text`` into the text field identified by ``locator``.</doc>
<arguments>
<arg>${USERNAME_INPUT}</arg>
<arg>${usrname}</arg>
</arguments>
<msg timestamp="20200620 19:46:08.351" level="INFO">Typing text 'Test_NewAccount' into text field 'id=username'.</msg>
<status status="PASS" starttime="20200620 19:46:08.351" endtime="20200620 19:46:08.550"></status>
</kw>
<kw name="Input Password" library="SeleniumLibrary">
<doc>Types the given password into the text field identified by ``locator``.</doc>
<arguments>
<arg>${PASSWORD_INPUT}</arg>
<arg>${passwrd}</arg>
</arguments>
<msg timestamp="20200620 19:46:08.552" level="INFO">Typing password into text field 'id=password'.</msg>
<status status="PASS" starttime="20200620 19:46:08.550" endtime="20200620 19:46:08.730"></status>
</kw>
<kw name="KW Wait And Click Element" library="Common_keywords">
<arguments>
<arg>${LOGIN_BUTTON}</arg>
</arguments>
<kw name="Wait Until Page Contains Element" library="SeleniumLibrary">
<doc>Waits until the element ``locator`` appears on the current page.</doc>
<arguments>
<arg>${element}</arg>
<arg>10</arg>
</arguments>
<status status="PASS" starttime="20200620 19:46:08.730" endtime="20200620 19:46:08.742"></status>
</kw>
<kw name="Click Element" library="SeleniumLibrary">
<doc>Click the element identified by ``locator``.</doc>
<arguments>
<arg>${element}</arg>
</arguments>
<msg timestamp="20200620 19:46:08.743" level="INFO">Clicking element 'xpath=//input[@value="Log In"]'.</msg>
<status status="PASS" starttime="20200620 19:46:08.743" endtime="20200620 19:46:08.965"></status>
</kw>
<status status="PASS" starttime="20200620 19:46:08.730" endtime="20200620 19:46:08.966"></status>
</kw>
<kw name="Run Keyword And Return Status" library="BuiltIn">
<doc>Runs the given keyword with given arguments and returns the status as a Boolean value.</doc>
<arguments>
<arg>Wait Until Page Contains Element</arg>
<arg>${LOGOUT_LINK}</arg>
</arguments>
<assign>
<var>${PASSED}</var>
</assign>
<kw name="Wait Until Page Contains Element" library="SeleniumLibrary">
<doc>Waits until the element ``locator`` appears on the current page.</doc>
<arguments>
<arg>${LOGOUT_LINK}</arg>
</arguments>
<status status="PASS" starttime="20200620 19:46:08.966" endtime="20200620 19:46:08.991"></status>
</kw>
<msg timestamp="20200620 19:46:08.991" level="INFO">${PASSED} = True</msg>
<status status="PASS" starttime="20200620 19:46:08.966" endtime="20200620 19:46:08.991"></status>
</kw>
<kw name="Run Keyword If" library="BuiltIn">
<doc>Runs the given keyword with the given arguments, if ``condition`` is true.</doc>
<arguments>
<arg>'${PASSED}'=='False'</arg>
<arg>FW Handle Login Failure</arg>
</arguments>
<status status="PASS" starttime="20200620 19:46:08.991" endtime="20200620 19:46:08.991"></status>
</kw>
<kw name="Run Keyword If" library="BuiltIn">
<doc>Runs the given keyword with the given arguments, if ``condition`` is true.</doc>
<arguments>
<arg>'${PASSED}'=='True'</arg>
<arg>Get Text</arg>
<arg>${USERNAME_TITLE}</arg>
</arguments>
<assign>
<var>${Actual_username}</var>
</assign>
<kw name="Get Text" library="SeleniumLibrary">
<doc>Returns the text value of the element identified by ``locator``.</doc>
<arguments>
<arg>${USERNAME_TITLE}</arg>
</arguments>
<status status="PASS" starttime="20200620 19:46:08.991" endtime="20200620 19:46:09.046"></status>
</kw>
<msg timestamp="20200620 19:46:09.046" level="INFO">${Actual_username} = Test_NewAccount</msg>
<status status="PASS" starttime="20200620 19:46:08.991" endtime="20200620 19:46:09.046"></status>
</kw>
<kw name="Run Keyword If" library="BuiltIn">
<doc>Runs the given keyword with the given arguments, if ``condition`` is true.</doc>
<arguments>
<arg>'${PASSED}'=='True'</arg>
<arg>Should Be Equal As Strings</arg>
<arg>${Actual_username}</arg>
<arg>${usrname}</arg>
</arguments>
<kw name="Should Be Equal As Strings" library="BuiltIn">
<doc>Fails if objects are unequal after converting them to strings.</doc>
<arguments>
<arg>${Actual_username}</arg>
<arg>${usrname}</arg>
</arguments>
<status status="PASS" starttime="20200620 19:46:09.046" endtime="20200620 19:46:09.046"></status>
</kw>
<status status="PASS" starttime="20200620 19:46:09.046" endtime="20200620 19:46:09.046"></status>
</kw>
<kw name="KW Capture Screenshot" library="Common_keywords">
<arguments>
<arg>Login Successful</arg>
</arguments>
<kw name="Capture Page Screenshot" library="SeleniumLibrary">
<doc>Takes a screenshot of the current page and embeds it into a log file.</doc>
<arguments>
<arg>${SCREENSHOTS}${File_name}.png</arg>
</arguments>
<msg timestamp="20200620 19:46:09.358" level="INFO" html="yes">&lt;/td&gt;&lt;/tr&gt;&lt;tr&gt;&lt;td colspan="3"&gt;&lt;a href="Screenshots/Login%20Successful.png"&gt;&lt;img src="Screenshots/Login%20Successful.png" width="800px"&gt;&lt;/a&gt;</msg>
<status status="PASS" starttime="20200620 19:46:09.046" endtime="20200620 19:46:09.358"></status>
</kw>
<status status="PASS" starttime="20200620 19:46:09.046" endtime="20200620 19:46:09.358"></status>
</kw>
<status status="PASS" starttime="20200620 19:46:08.201" endtime="20200620 19:46:09.358"></status>
</kw>
<kw name="Log" library="BuiltIn">
<doc>Logs the given message with the given level.</doc>
<arguments>
<arg>User Logged into the application successfully</arg>
</arguments>
<msg timestamp="20200620 19:46:09.358" level="INFO">User Logged into the application successfully</msg>
<status status="PASS" starttime="20200620 19:46:09.358" endtime="20200620 19:46:09.358"></status>
</kw>
<kw name="Prepare EndTest" library="Setup_Teardown" type="teardown">
<kw name="Run Keyword And Return Status" library="BuiltIn">
<doc>Runs the given keyword with given arguments and returns the status as a Boolean value.</doc>
<arguments>
<arg>Wait Until Page Contains Element</arg>
<arg>${LOGOUT_LINK}</arg>
</arguments>
<assign>
<var>${Passed}</var>
</assign>
<kw name="Wait Until Page Contains Element" library="SeleniumLibrary">
<doc>Waits until the element ``locator`` appears on the current page.</doc>
<arguments>
<arg>${LOGOUT_LINK}</arg>
</arguments>
<status status="PASS" starttime="20200620 19:46:09.358" endtime="20200620 19:46:09.385"></status>
</kw>
<msg timestamp="20200620 19:46:09.385" level="INFO">${Passed} = True</msg>
<status status="PASS" starttime="20200620 19:46:09.358" endtime="20200620 19:46:09.385"></status>
</kw>
<kw name="Run Keyword If" library="BuiltIn">
<doc>Runs the given keyword with the given arguments, if ``condition`` is true.</doc>
<arguments>
<arg>'${Passed}'=='True'</arg>
<arg>KW Wait And Click Element</arg>
<arg>${LOGOUT_LINK}</arg>
</arguments>
<kw name="KW Wait And Click Element" library="Common_keywords">
<arguments>
<arg>${LOGOUT_LINK}</arg>
</arguments>
<kw name="Wait Until Page Contains Element" library="SeleniumLibrary">
<doc>Waits until the element ``locator`` appears on the current page.</doc>
<arguments>
<arg>${element}</arg>
<arg>10</arg>
</arguments>
<status status="PASS" starttime="20200620 19:46:09.386" endtime="20200620 19:46:09.404"></status>
</kw>
<kw name="Click Element" library="SeleniumLibrary">
<doc>Click the element identified by ``locator``.</doc>
<arguments>
<arg>${element}</arg>
</arguments>
<msg timestamp="20200620 19:46:09.404" level="INFO">Clicking element 'xpath=//a[@href="/logout"]'.</msg>
<status status="PASS" starttime="20200620 19:46:09.404" endtime="20200620 19:46:09.519"></status>
</kw>
<status status="PASS" starttime="20200620 19:46:09.386" endtime="20200620 19:46:09.519"></status>
</kw>
<status status="PASS" starttime="20200620 19:46:09.386" endtime="20200620 19:46:09.519"></status>
</kw>
<status status="PASS" starttime="20200620 19:46:09.358" endtime="20200620 19:46:09.519"></status>
</kw>
<status status="PASS" starttime="20200620 19:46:08.201" endtime="20200620 19:46:09.520" critical="yes"></status>
</test>
<test id="s1-t4" name="Validate User Details">
<kw name="KW Login To Application" library="Demo_App_Keywords">
<arguments>
<arg>${username}</arg>
<arg>${password}</arg>
</arguments>
<kw name="KW Wait And Click Element" library="Common_keywords">
<arguments>
<arg>${LOGIN_LINK}</arg>
</arguments>
<kw name="Wait Until Page Contains Element" library="SeleniumLibrary">
<doc>Waits until the element ``locator`` appears on the current page.</doc>
<arguments>
<arg>${element}</arg>
<arg>10</arg>
</arguments>
<status status="PASS" starttime="20200620 19:46:09.523" endtime="20200620 19:46:09.534"></status>
</kw>
<kw name="Click Element" library="SeleniumLibrary">
<doc>Click the element identified by ``locator``.</doc>
<arguments>
<arg>${element}</arg>
</arguments>
<msg timestamp="20200620 19:46:09.534" level="INFO">Clicking element 'xpath=//a[@href="/login"]'.</msg>
<status status="PASS" starttime="20200620 19:46:09.534" endtime="20200620 19:46:09.651"></status>
</kw>
<status status="PASS" starttime="20200620 19:46:09.523" endtime="20200620 19:46:09.651"></status>
</kw>
<kw name="Wait Until Page Contains Element" library="SeleniumLibrary">
<doc>Waits until the element ``locator`` appears on the current page.</doc>
<arguments>
<arg>${LOGIN_TITLE}</arg>
<arg>10</arg>
</arguments>
<status status="PASS" starttime="20200620 19:46:09.652" endtime="20200620 19:46:09.666"></status>
</kw>
<kw name="Input Text" library="SeleniumLibrary">
<doc>Types the given ``text`` into the text field identified by ``locator``.</doc>
<arguments>
<arg>${USERNAME_INPUT}</arg>
<arg>${usrname}</arg>
</arguments>
<msg timestamp="20200620 19:46:09.666" level="INFO">Typing text 'Test_NewAccount' into text field 'id=username'.</msg>
<status status="PASS" starttime="20200620 19:46:09.666" endtime="20200620 19:46:09.828"></status>
</kw>
<kw name="Input Password" library="SeleniumLibrary">
<doc>Types the given password into the text field identified by ``locator``.</doc>
<arguments>
<arg>${PASSWORD_INPUT}</arg>
<arg>${passwrd}</arg>
</arguments>
<msg timestamp="20200620 19:46:09.828" level="INFO">Typing password into text field 'id=password'.</msg>
<status status="PASS" starttime="20200620 19:46:09.828" endtime="20200620 19:46:10.021"></status>
</kw>
<kw name="KW Wait And Click Element" library="Common_keywords">
<arguments>
<arg>${LOGIN_BUTTON}</arg>
</arguments>
<kw name="Wait Until Page Contains Element" library="SeleniumLibrary">
<doc>Waits until the element ``locator`` appears on the current page.</doc>
<arguments>
<arg>${element}</arg>
<arg>10</arg>
</arguments>
<status status="PASS" starttime="20200620 19:46:10.022" endtime="20200620 19:46:10.032"></status>
</kw>
<kw name="Click Element" library="SeleniumLibrary">
<doc>Click the element identified by ``locator``.</doc>
<arguments>
<arg>${element}</arg>
</arguments>
<msg timestamp="20200620 19:46:10.033" level="INFO">Clicking element 'xpath=//input[@value="Log In"]'.</msg>
<status status="PASS" starttime="20200620 19:46:10.032" endtime="20200620 19:46:10.256"></status>
</kw>
<status status="PASS" starttime="20200620 19:46:10.021" endtime="20200620 19:46:10.256"></status>
</kw>
<kw name="Run Keyword And Return Status" library="BuiltIn">
<doc>Runs the given keyword with given arguments and returns the status as a Boolean value.</doc>
<arguments>
<arg>Wait Until Page Contains Element</arg>
<arg>${LOGOUT_LINK}</arg>
</arguments>
<assign>
<var>${PASSED}</var>
</assign>
<kw name="Wait Until Page Contains Element" library="SeleniumLibrary">
<doc>Waits until the element ``locator`` appears on the current page.</doc>
<arguments>
<arg>${LOGOUT_LINK}</arg>
</arguments>
<status status="PASS" starttime="20200620 19:46:10.257" endtime="20200620 19:46:10.277"></status>
</kw>
<msg timestamp="20200620 19:46:10.277" level="INFO">${PASSED} = True</msg>
<status status="PASS" starttime="20200620 19:46:10.256" endtime="20200620 19:46:10.278"></status>
</kw>
<kw name="Run Keyword If" library="BuiltIn">
<doc>Runs the given keyword with the given arguments, if ``condition`` is true.</doc>
<arguments>
<arg>'${PASSED}'=='False'</arg>
<arg>FW Handle Login Failure</arg>
</arguments>
<status status="PASS" starttime="20200620 19:46:10.278" endtime="20200620 19:46:10.278"></status>
</kw>
<kw name="Run Keyword If" library="BuiltIn">
<doc>Runs the given keyword with the given arguments, if ``condition`` is true.</doc>
<arguments>
<arg>'${PASSED}'=='True'</arg>
<arg>Get Text</arg>
<arg>${USERNAME_TITLE}</arg>
</arguments>
<assign>
<var>${Actual_username}</var>
</assign>
<kw name="Get Text" library="SeleniumLibrary">
<doc>Returns the text value of the element identified by ``locator``.</doc>
<arguments>
<arg>${USERNAME_TITLE}</arg>
</arguments>
<status status="PASS" starttime="20200620 19:46:10.279" endtime="20200620 19:46:10.324"></status>
</kw>
<msg timestamp="20200620 19:46:10.324" level="INFO">${Actual_username} = Test_NewAccount</msg>
<status status="PASS" starttime="20200620 19:46:10.279" endtime="20200620 19:46:10.324"></status>
</kw>
<kw name="Run Keyword If" library="BuiltIn">
<doc>Runs the given keyword with the given arguments, if ``condition`` is true.</doc>
<arguments>
<arg>'${PASSED}'=='True'</arg>
<arg>Should Be Equal As Strings</arg>
<arg>${Actual_username}</arg>
<arg>${usrname}</arg>
</arguments>
<kw name="Should Be Equal As Strings" library="BuiltIn">
<doc>Fails if objects are unequal after converting them to strings.</doc>
<arguments>
<arg>${Actual_username}</arg>
<arg>${usrname}</arg>
</arguments>
<status status="PASS" starttime="20200620 19:46:10.324" endtime="20200620 19:46:10.324"></status>
</kw>
<status status="PASS" starttime="20200620 19:46:10.324" endtime="20200620 19:46:10.324"></status>
</kw>
<kw name="KW Capture Screenshot" library="Common_keywords">
<arguments>
<arg>Login Successful</arg>
</arguments>
<kw name="Capture Page Screenshot" library="SeleniumLibrary">
<doc>Takes a screenshot of the current page and embeds it into a log file.</doc>
<arguments>
<arg>${SCREENSHOTS}${File_name}.png</arg>
</arguments>
<msg timestamp="20200620 19:46:10.653" level="INFO" html="yes">&lt;/td&gt;&lt;/tr&gt;&lt;tr&gt;&lt;td colspan="3"&gt;&lt;a href="Screenshots/Login%20Successful.png"&gt;&lt;img src="Screenshots/Login%20Successful.png" width="800px"&gt;&lt;/a&gt;</msg>
<status status="PASS" starttime="20200620 19:46:10.324" endtime="20200620 19:46:10.653"></status>
</kw>
<status status="PASS" starttime="20200620 19:46:10.324" endtime="20200620 19:46:10.653"></status>
</kw>
<status status="PASS" starttime="20200620 19:46:09.523" endtime="20200620 19:46:10.654"></status>
</kw>
<kw name="Run Keyword And Return Status" library="BuiltIn">
<doc>Runs the given keyword with given arguments and returns the status as a Boolean value.</doc>
<arguments>
<arg>KW Validate user details</arg>
</arguments>
<assign>
<var>${PASSED}</var>
</assign>
<kw name="KW Validate user details" library="Demo_App_Keywords">
<kw name="Get Element Count" library="SeleniumLibrary">
<doc>Returns the number of elements matching ``locator``.</doc>
<arguments>
<arg>${TABLE_ROW}</arg>
</arguments>
<assign>
<var>${element_count}</var>
</assign>
<msg timestamp="20200620 19:46:10.681" level="INFO">${element_count} = 5</msg>
<status status="PASS" starttime="20200620 19:46:10.654" endtime="20200620 19:46:10.681"></status>
</kw>
<kw name="Create Dictionary" library="BuiltIn">
<doc>Creates and returns a dictionary based on the given ``items``.</doc>
<assign>
<var>&amp;{user_dictionary}</var>
</assign>
<msg timestamp="20200620 19:46:10.681" level="INFO">&amp;{user_dictionary} = { }</msg>
<status status="PASS" starttime="20200620 19:46:10.681" endtime="20200620 19:46:10.681"></status>
</kw>
<kw name="${i} IN RANGE [ 2 | ${element_count}+1 ]" type="for">
<kw name="${i} = 2" type="foritem">
<kw name="Get Text" library="SeleniumLibrary">
<doc>Returns the text value of the element identified by ``locator``.</doc>
<arguments>
<arg>xpath=//table//tr[${i}]/td</arg>
</arguments>
<assign>
<var>${key_data}</var>
</assign>
<msg timestamp="20200620 19:46:10.736" level="INFO">${key_data} = Username</msg>
<status status="PASS" starttime="20200620 19:46:10.681" endtime="20200620 19:46:10.736"></status>
</kw>
<kw name="Get Text" library="SeleniumLibrary">
<doc>Returns the text value of the element identified by ``locator``.</doc>
<arguments>
<arg>xpath=//table//tr[${i}]/td[2]</arg>
</arguments>
<assign>
<var>${Value_data}</var>
</assign>
<msg timestamp="20200620 19:46:10.790" level="INFO">${Value_data} = Test_NewAccount</msg>
<status status="PASS" starttime="20200620 19:46:10.737" endtime="20200620 19:46:10.790"></status>
</kw>
<kw name="Set To Dictionary" library="Collections">
<doc>Adds the given ``key_value_pairs`` and ``items`` to the ``dictionary``.</doc>
<arguments>
<arg>${user_dictionary}</arg>
<arg>${key_data}</arg>
<arg>${Value_data}</arg>
</arguments>
<status status="PASS" starttime="20200620 19:46:10.790" endtime="20200620 19:46:10.790"></status>
</kw>
<status status="PASS" starttime="20200620 19:46:10.681" endtime="20200620 19:46:10.790"></status>
</kw>
<kw name="${i} = 3" type="foritem">
<kw name="Get Text" library="SeleniumLibrary">
<doc>Returns the text value of the element identified by ``locator``.</doc>
<arguments>
<arg>xpath=//table//tr[${i}]/td</arg>
</arguments>
<assign>
<var>${key_data}</var>
</assign>
<msg timestamp="20200620 19:46:10.839" level="INFO">${key_data} = First name</msg>
<status status="PASS" starttime="20200620 19:46:10.790" endtime="20200620 19:46:10.839"></status>
</kw>
<kw name="Get Text" library="SeleniumLibrary">
<doc>Returns the text value of the element identified by ``locator``.</doc>
<arguments>
<arg>xpath=//table//tr[${i}]/td[2]</arg>
</arguments>
<assign>
<var>${Value_data}</var>
</assign>
<msg timestamp="20200620 19:46:10.895" level="INFO">${Value_data} = Test</msg>
<status status="PASS" starttime="20200620 19:46:10.839" endtime="20200620 19:46:10.895"></status>
</kw>
<kw name="Set To Dictionary" library="Collections">
<doc>Adds the given ``key_value_pairs`` and ``items`` to the ``dictionary``.</doc>
<arguments>
<arg>${user_dictionary}</arg>
<arg>${key_data}</arg>
<arg>${Value_data}</arg>
</arguments>
<status status="PASS" starttime="20200620 19:46:10.895" endtime="20200620 19:46:10.895"></status>
</kw>
<status status="PASS" starttime="20200620 19:46:10.790" endtime="20200620 19:46:10.895"></status>
</kw>
<kw name="${i} = 4" type="foritem">
<kw name="Get Text" library="SeleniumLibrary">
<doc>Returns the text value of the element identified by ``locator``.</doc>
<arguments>
<arg>xpath=//table//tr[${i}]/td</arg>
</arguments>
<assign>
<var>${key_data}</var>
</assign>
<msg timestamp="20200620 19:46:10.948" level="INFO">${key_data} = Last name</msg>
<status status="PASS" starttime="20200620 19:46:10.895" endtime="20200620 19:46:10.948"></status>
</kw>
<kw name="Get Text" library="SeleniumLibrary">
<doc>Returns the text value of the element identified by ``locator``.</doc>
<arguments>
<arg>xpath=//table//tr[${i}]/td[2]</arg>
</arguments>
<assign>
<var>${Value_data}</var>
</assign>
<msg timestamp="20200620 19:46:10.994" level="INFO">${Value_data} = user</msg>
<status status="PASS" starttime="20200620 19:46:10.948" endtime="20200620 19:46:10.994"></status>
</kw>
<kw name="Set To Dictionary" library="Collections">
<doc>Adds the given ``key_value_pairs`` and ``items`` to the ``dictionary``.</doc>
<arguments>
<arg>${user_dictionary}</arg>
<arg>${key_data}</arg>
<arg>${Value_data}</arg>
</arguments>
<status status="PASS" starttime="20200620 19:46:10.994" endtime="20200620 19:46:10.994"></status>
</kw>
<status status="PASS" starttime="20200620 19:46:10.895" endtime="20200620 19:46:10.994"></status>
</kw>
<kw name="${i} = 5" type="foritem">
<kw name="Get Text" library="SeleniumLibrary">
<doc>Returns the text value of the element identified by ``locator``.</doc>
<arguments>
<arg>xpath=//table//tr[${i}]/td</arg>
</arguments>
<assign>
<var>${key_data}</var>
</assign>
<msg timestamp="20200620 19:46:11.035" level="INFO">${key_data} = Phone number</msg>
<status status="PASS" starttime="20200620 19:46:10.994" endtime="20200620 19:46:11.035"></status>
</kw>
<kw name="Get Text" library="SeleniumLibrary">
<doc>Returns the text value of the element identified by ``locator``.</doc>
<arguments>
<arg>xpath=//table//tr[${i}]/td[2]</arg>
</arguments>
<assign>
<var>${Value_data}</var>
</assign>
<msg timestamp="20200620 19:46:11.085" level="INFO">${Value_data} = 123454321</msg>
<status status="PASS" starttime="20200620 19:46:11.035" endtime="20200620 19:46:11.085"></status>
</kw>
<kw name="Set To Dictionary" library="Collections">
<doc>Adds the given ``key_value_pairs`` and ``items`` to the ``dictionary``.</doc>
<arguments>
<arg>${user_dictionary}</arg>
<arg>${key_data}</arg>
<arg>${Value_data}</arg>
</arguments>
<status status="PASS" starttime="20200620 19:46:11.085" endtime="20200620 19:46:11.085"></status>
</kw>
<status status="PASS" starttime="20200620 19:46:10.994" endtime="20200620 19:46:11.085"></status>
</kw>
<status status="PASS" starttime="20200620 19:46:10.681" endtime="20200620 19:46:11.085"></status>
</kw>
<kw name="Create List" library="BuiltIn">
<doc>Returns a list containing given items.</doc>
<arguments>
<arg>${username}</arg>
<arg>${Firstname}</arg>
<arg>${Lastname}</arg>
<arg>${phone_no}</arg>
</arguments>
<assign>
<var>@{test_data_list}</var>
</assign>
<msg timestamp="20200620 19:46:11.085" level="INFO">@{test_data_list} = [ Test_NewAccount | Test | user | 123454321 ]</msg>
<status status="PASS" starttime="20200620 19:46:11.085" endtime="20200620 19:46:11.085"></status>
</kw>
<kw name="Set Variable" library="BuiltIn">
<doc>Returns the given values which can then be assigned to a variables.</doc>
<arguments>
<arg>0</arg>
</arguments>
<assign>
<var>${i}</var>
</assign>
<msg timestamp="20200620 19:46:11.085" level="INFO">${i} = 0</msg>
<status status="PASS" starttime="20200620 19:46:11.085" endtime="20200620 19:46:11.085"></status>
</kw>
<kw name="${key} IN [ @{user_dictionary} ]" type="for">
<kw name="${key} = Username" type="foritem">
<kw name="Should Be Equal As Strings" library="BuiltIn">
<doc>Fails if objects are unequal after converting them to strings.</doc>
<arguments>
<arg>${user_dictionary}[${key}]</arg>
<arg>${test_data_list}[${i}]</arg>
</arguments>
<status status="PASS" starttime="20200620 19:46:11.085" endtime="20200620 19:46:11.089"></status>
</kw>
<kw name="Evaluate" library="BuiltIn">
<doc>Evaluates the given expression in Python and returns the results.</doc>
<arguments>
<arg>${i}+1</arg>
</arguments>
<assign>
<var>${i}</var>
</assign>
<msg timestamp="20200620 19:46:11.089" level="INFO">${i} = 1</msg>
<status status="PASS" starttime="20200620 19:46:11.089" endtime="20200620 19:46:11.089"></status>
</kw>
<status status="PASS" starttime="20200620 19:46:11.085" endtime="20200620 19:46:11.089"></status>
</kw>
<kw name="${key} = First name" type="foritem">
<kw name="Should Be Equal As Strings" library="BuiltIn">
<doc>Fails if objects are unequal after converting them to strings.</doc>
<arguments>
<arg>${user_dictionary}[${key}]</arg>
<arg>${test_data_list}[${i}]</arg>
</arguments>
<status status="PASS" starttime="20200620 19:46:11.089" endtime="20200620 19:46:11.089"></status>
</kw>
<kw name="Evaluate" library="BuiltIn">
<doc>Evaluates the given expression in Python and returns the results.</doc>
<arguments>
<arg>${i}+1</arg>
</arguments>
<assign>
<var>${i}</var>
</assign>
<msg timestamp="20200620 19:46:11.089" level="INFO">${i} = 2</msg>
<status status="PASS" starttime="20200620 19:46:11.089" endtime="20200620 19:46:11.089"></status>
</kw>
<status status="PASS" starttime="20200620 19:46:11.089" endtime="20200620 19:46:11.089"></status>
</kw>
<kw name="${key} = Last name" type="foritem">
<kw name="Should Be Equal As Strings" library="BuiltIn">
<doc>Fails if objects are unequal after converting them to strings.</doc>
<arguments>
<arg>${user_dictionary}[${key}]</arg>
<arg>${test_data_list}[${i}]</arg>
</arguments>
<status status="PASS" starttime="20200620 19:46:11.089" endtime="20200620 19:46:11.089"></status>
</kw>
<kw name="Evaluate" library="BuiltIn">
<doc>Evaluates the given expression in Python and returns the results.</doc>
<arguments>
<arg>${i}+1</arg>
</arguments>
<assign>
<var>${i}</var>
</assign>
<msg timestamp="20200620 19:46:11.089" level="INFO">${i} = 3</msg>
<status status="PASS" starttime="20200620 19:46:11.089" endtime="20200620 19:46:11.089"></status>
</kw>
<status status="PASS" starttime="20200620 19:46:11.089" endtime="20200620 19:46:11.089"></status>
</kw>
<kw name="${key} = Phone number" type="foritem">
<kw name="Should Be Equal As Strings" library="BuiltIn">
<doc>Fails if objects are unequal after converting them to strings.</doc>
<arguments>
<arg>${user_dictionary}[${key}]</arg>
<arg>${test_data_list}[${i}]</arg>
</arguments>
<status status="PASS" starttime="20200620 19:46:11.089" endtime="20200620 19:46:11.089"></status>
</kw>
<kw name="Evaluate" library="BuiltIn">
<doc>Evaluates the given expression in Python and returns the results.</doc>
<arguments>
<arg>${i}+1</arg>
</arguments>
<assign>
<var>${i}</var>
</assign>
<msg timestamp="20200620 19:46:11.089" level="INFO">${i} = 4</msg>
<status status="PASS" starttime="20200620 19:46:11.089" endtime="20200620 19:46:11.089"></status>
</kw>
<status status="PASS" starttime="20200620 19:46:11.089" endtime="20200620 19:46:11.089"></status>
</kw>
<status status="PASS" starttime="20200620 19:46:11.085" endtime="20200620 19:46:11.089"></status>
</kw>
<status status="PASS" starttime="20200620 19:46:10.654" endtime="20200620 19:46:11.089"></status>
</kw>
<msg timestamp="20200620 19:46:11.089" level="INFO">${PASSED} = True</msg>
<status status="PASS" starttime="20200620 19:46:10.654" endtime="20200620 19:46:11.089"></status>
</kw>
<kw name="Run Keyword If" library="BuiltIn">
<doc>Runs the given keyword with the given arguments, if ``condition`` is true.</doc>
<arguments>
<arg>'${PASSED}'=='True'</arg>
<arg>Log</arg>
<arg>Validation of user details was successful</arg>
</arguments>
<kw name="Log" library="BuiltIn">
<doc>Logs the given message with the given level.</doc>
<arguments>
<arg>Validation of user details was successful</arg>
</arguments>
<msg timestamp="20200620 19:46:11.089" level="INFO">Validation of user details was successful</msg>
<status status="PASS" starttime="20200620 19:46:11.089" endtime="20200620 19:46:11.089"></status>
</kw>
<status status="PASS" starttime="20200620 19:46:11.089" endtime="20200620 19:46:11.089"></status>
</kw>
<kw name="KW Capture Screenshot" library="Common_keywords">
<arguments>
<arg>Table validation</arg>
</arguments>
<kw name="Capture Page Screenshot" library="SeleniumLibrary">
<doc>Takes a screenshot of the current page and embeds it into a log file.</doc>
<arguments>
<arg>${SCREENSHOTS}${File_name}.png</arg>
</arguments>
<msg timestamp="20200620 19:46:11.398" level="INFO" html="yes">&lt;/td&gt;&lt;/tr&gt;&lt;tr&gt;&lt;td colspan="3"&gt;&lt;a href="Screenshots/Table%20validation.png"&gt;&lt;img src="Screenshots/Table%20validation.png" width="800px"&gt;&lt;/a&gt;</msg>
<status status="PASS" starttime="20200620 19:46:11.089" endtime="20200620 19:46:11.398"></status>
</kw>
<status status="PASS" starttime="20200620 19:46:11.089" endtime="20200620 19:46:11.398"></status>
</kw>
<kw name="Prepare EndTest" library="Setup_Teardown" type="teardown">
<kw name="Run Keyword And Return Status" library="BuiltIn">
<doc>Runs the given keyword with given arguments and returns the status as a Boolean value.</doc>
<arguments>
<arg>Wait Until Page Contains Element</arg>
<arg>${LOGOUT_LINK}</arg>
</arguments>
<assign>
<var>${Passed}</var>
</assign>
<kw name="Wait Until Page Contains Element" library="SeleniumLibrary">
<doc>Waits until the element ``locator`` appears on the current page.</doc>
<arguments>
<arg>${LOGOUT_LINK}</arg>
</arguments>
<status status="PASS" starttime="20200620 19:46:11.398" endtime="20200620 19:46:11.419"></status>
</kw>
<msg timestamp="20200620 19:46:11.419" level="INFO">${Passed} = True</msg>
<status status="PASS" starttime="20200620 19:46:11.398" endtime="20200620 19:46:11.419"></status>
</kw>
<kw name="Run Keyword If" library="BuiltIn">
<doc>Runs the given keyword with the given arguments, if ``condition`` is true.</doc>
<arguments>
<arg>'${Passed}'=='True'</arg>
<arg>KW Wait And Click Element</arg>
<arg>${LOGOUT_LINK}</arg>
</arguments>
<kw name="KW Wait And Click Element" library="Common_keywords">
<arguments>
<arg>${LOGOUT_LINK}</arg>
</arguments>
<kw name="Wait Until Page Contains Element" library="SeleniumLibrary">
<doc>Waits until the element ``locator`` appears on the current page.</doc>
<arguments>
<arg>${element}</arg>
<arg>10</arg>
</arguments>
<status status="PASS" starttime="20200620 19:46:11.421" endtime="20200620 19:46:11.435"></status>
</kw>
<kw name="Click Element" library="SeleniumLibrary">
<doc>Click the element identified by ``locator``.</doc>
<arguments>
<arg>${element}</arg>
</arguments>
<msg timestamp="20200620 19:46:11.436" level="INFO">Clicking element 'xpath=//a[@href="/logout"]'.</msg>
<status status="PASS" starttime="20200620 19:46:11.436" endtime="20200620 19:46:11.517"></status>
</kw>
<status status="PASS" starttime="20200620 19:46:11.421" endtime="20200620 19:46:11.517"></status>
</kw>
<status status="PASS" starttime="20200620 19:46:11.419" endtime="20200620 19:46:11.517"></status>
</kw>
<status status="PASS" starttime="20200620 19:46:11.398" endtime="20200620 19:46:11.517"></status>
</kw>
<status status="PASS" starttime="20200620 19:46:09.521" endtime="20200620 19:46:11.517" critical="yes"></status>
</test>
<kw name="Prepare Suite Teardown" library="Setup_Teardown" type="teardown">
<kw name="Close All Browsers" library="SeleniumLibrary">
<doc>Closes all open browsers and resets the browser cache.</doc>
<status status="PASS" starttime="20200620 19:46:11.519" endtime="20200620 19:46:13.709"></status>
</kw>
<status status="PASS" starttime="20200620 19:46:11.518" endtime="20200620 19:46:13.710"></status>
</kw>
<status status="PASS" starttime="20200620 19:45:49.666" endtime="20200620 19:46:13.710"></status>
</suite>
<statistics>
<total>
<stat pass="4" fail="0">Critical Tests</stat>
<stat pass="4" fail="0">All Tests</stat>
</total>
<tag>
</tag>
<suite>
<stat pass="4" fail="0" id="s1" name="Demo App">Demo App</stat>
</suite>
</statistics>
<errors>
</errors>
</robot>
